android/app/build/intermediates/manifest_merge_blame_file/release/processReleaseMainManifest/manifest-merger-blame-release-report.txt
1<?xml version="1.0" encoding="utf-8"?>
2<manifest xmlns:android="http://schemas.android.com/apk/res/android"
3    package="com.hawk.customerapp"
4    android:versionCode="1"
5    android:versionName="1.0.0" >
6
7    <uses-sdk
8        android:minSdkVersion="24"
9        android:targetSdkVersion="34" />
10
11    <uses-permission android:name="android.permission.ACCESS_COARSE_LOCATION" />
11-->src\main\AndroidManifest.xml:2:3-78
11-->src\main\AndroidManifest.xml:2:20-76
12    <uses-permission android:name="android.permission.ACCESS_FINE_LOCATION" />
12-->src\main\AndroidManifest.xml:3:3-76
12-->src\main\AndroidManifest.xml:3:20-74
13    <uses-permission android:name="android.permission.INTERNET" />
13-->src\main\AndroidManifest.xml:4:3-64
13-->src\main\AndroidManifest.xml:4:20-62
14    <uses-permission android:name="android.permission.READ_EXTERNAL_STORAGE" />
14-->src\main\AndroidManifest.xml:5:3-77
14-->src\main\AndroidManifest.xml:5:20-75
15    <uses-permission android:name="android.permission.SYSTEM_ALERT_WINDOW" />
15-->src\main\AndroidManifest.xml:6:3-75
15-->src\main\AndroidManifest.xml:6:20-73
16    <uses-permission android:name="android.permission.VIBRATE" />
16-->src\main\AndroidManifest.xml:7:3-63
16-->src\main\AndroidManifest.xml:7:20-61
17    <uses-permission android:name="android.permission.WRITE_EXTERNAL_STORAGE" />
17-->src\main\AndroidManifest.xml:8:3-78
17-->src\main\AndroidManifest.xml:8:20-76
18
19    <queries>
19-->src\main\AndroidManifest.xml:9:3-15:13
20        <intent>
20-->src\main\AndroidManifest.xml:10:5-14:14
21            <action android:name="android.intent.action.VIEW" />
21-->src\main\AndroidManifest.xml:11:7-58
21-->src\main\AndroidManifest.xml:11:15-56
22
23            <category android:name="android.intent.category.BROWSABLE" />
23-->src\main\AndroidManifest.xml:12:7-67
23-->src\main\AndroidManifest.xml:12:17-65
24
25            <data android:scheme="https" />
25-->src\main\AndroidManifest.xml:13:7-37
25-->src\main\AndroidManifest.xml:13:13-35
26        </intent>
27        <!-- Query open documents -->
28        <intent>
28-->[:expo-file-system] AndroidManifest.xml:15:9-17:18
29            <action android:name="android.intent.action.OPEN_DOCUMENT_TREE" />
29-->[:expo-file-system] AndroidManifest.xml:16:13-79
29-->[:expo-file-system] AndroidManifest.xml:16:21-76
30        </intent>
31        <intent>
31-->[:expo-web-browser] AndroidManifest.xml:8:9-12:18
32
33            <!-- Required for opening tabs if targeting API 30 -->
34            <action android:name="android.support.customtabs.action.CustomTabsService" />
34-->[:expo-web-browser] AndroidManifest.xml:11:13-90
34-->[:expo-web-browser] AndroidManifest.xml:11:21-87
35        </intent> <!-- Needs to be explicitly declared on Android R+ -->
36        <package android:name="com.google.android.apps.maps" />
36-->[com.google.android.gms:play-services-maps:18.2.0] AndroidManifest.xml:33:9-64
36-->[com.google.android.gms:play-services-maps:18.2.0] AndroidManifest.xml:33:18-61
37    </queries>
38    <!-- Include required permissions for Google Maps API to run. -->
39    <uses-permission android:name="android.permission.ACCESS_NETWORK_STATE" />
39-->[com.google.android.gms:play-services-maps:18.2.0] AndroidManifest.xml:23:5-79
39-->[com.google.android.gms:play-services-maps:18.2.0] AndroidManifest.xml:23:22-76
40
41    <uses-feature
41-->[com.google.android.gms:play-services-maps:18.2.0] AndroidManifest.xml:26:5-28:35
42        android:glEsVersion="0x00020000"
42-->[com.google.android.gms:play-services-maps:18.2.0] AndroidManifest.xml:27:9-41
43        android:required="true" />
43-->[com.google.android.gms:play-services-maps:18.2.0] AndroidManifest.xml:28:9-32
44
45    <uses-permission android:name="android.permission.WAKE_LOCK" />
45-->[androidx.work:work-runtime:2.7.1] AndroidManifest.xml:25:5-68
45-->[androidx.work:work-runtime:2.7.1] AndroidManifest.xml:25:22-65
46    <uses-permission android:name="android.permission.RECEIVE_BOOT_COMPLETED" />
46-->[androidx.work:work-runtime:2.7.1] AndroidManifest.xml:27:5-81
46-->[androidx.work:work-runtime:2.7.1] AndroidManifest.xml:27:22-78
47    <uses-permission android:name="android.permission.FOREGROUND_SERVICE" />
47-->[androidx.work:work-runtime:2.7.1] AndroidManifest.xml:28:5-77
47-->[androidx.work:work-runtime:2.7.1] AndroidManifest.xml:28:22-74
48
49    <permission
49-->[androidx.core:core:1.13.1] AndroidManifest.xml:22:5-24:47
50        android:name="com.hawk.customerapp.DYNAMIC_RECEIVER_NOT_EXPORTED_PERMISSION"
50-->[androidx.core:core:1.13.1] AndroidManifest.xml:23:9-81
51        android:protectionLevel="signature" />
51-->[androidx.core:core:1.13.1] AndroidManifest.xml:24:9-44
52
53    <uses-permission android:name="com.hawk.customerapp.DYNAMIC_RECEIVER_NOT_EXPORTED_PERMISSION" />
53-->[androidx.core:core:1.13.1] AndroidManifest.xml:26:5-97
53-->[androidx.core:core:1.13.1] AndroidManifest.xml:26:22-94
54    <uses-permission android:name="com.google.android.providers.gsf.permission.READ_GSERVICES" />
54-->[:expo-location$io.nlopez.smartlocation-jetified-aar] AndroidManifest.xml:15:5-98
54-->[:expo-location$io.nlopez.smartlocation-jetified-aar] AndroidManifest.xml:15:22-95
55    <uses-permission android:name="com.google.android.gms.permission.ACTIVITY_RECOGNITION" />
55-->[:expo-location$io.nlopez.smartlocation-jetified-aar] AndroidManifest.xml:16:5-94
55-->[:expo-location$io.nlopez.smartlocation-jetified-aar] AndroidManifest.xml:16:22-91
56
57    <application
57-->src\main\AndroidManifest.xml:16:3-34:17
58        android:name="com.hawk.customerapp.MainApplication"
58-->src\main\AndroidManifest.xml:16:16-47
59        android:allowBackup="true"
59-->src\main\AndroidManifest.xml:16:162-188
60        android:appComponentFactory="androidx.core.app.CoreComponentFactory"
60-->[androidx.core:core:1.13.1] AndroidManifest.xml:28:18-86
61        android:extractNativeLibs="false"
62        android:icon="@mipmap/ic_launcher"
62-->src\main\AndroidManifest.xml:16:81-115
63        android:label="@string/app_name"
63-->src\main\AndroidManifest.xml:16:48-80
64        android:roundIcon="@mipmap/ic_launcher_round"
64-->src\main\AndroidManifest.xml:16:116-161
65        android:supportsRtl="true"
65-->src\main\AndroidManifest.xml:16:221-247
66        android:theme="@style/AppTheme" >
66-->src\main\AndroidManifest.xml:16:189-220
67        <meta-data
67-->src\main\AndroidManifest.xml:17:5-83
68            android:name="expo.modules.updates.ENABLED"
68-->src\main\AndroidManifest.xml:17:16-59
69            android:value="false" />
69-->src\main\AndroidManifest.xml:17:60-81
70        <meta-data
70-->src\main\AndroidManifest.xml:18:5-105
71            android:name="expo.modules.updates.EXPO_UPDATES_CHECK_ON_LAUNCH"
71-->src\main\AndroidManifest.xml:18:16-80
72            android:value="ALWAYS" />
72-->src\main\AndroidManifest.xml:18:81-103
73        <meta-data
73-->src\main\AndroidManifest.xml:19:5-99
74            android:name="expo.modules.updates.EXPO_UPDATES_LAUNCH_WAIT_MS"
74-->src\main\AndroidManifest.xml:19:16-79
75            android:value="0" />
75-->src\main\AndroidManifest.xml:19:80-97
76        <meta-data
76-->src\main\AndroidManifest.xml:20:5-119
77            android:name="com.google.android.geo.API_KEY"
77-->src\main\AndroidManifest.xml:20:16-61
78            android:value="AIzaSyAkbaerd5P6hNhceyK6kKWDC6KgudhW01E" />
78-->src\main\AndroidManifest.xml:20:62-117
79
80        <activity
80-->src\main\AndroidManifest.xml:21:5-33:16
81            android:name="com.hawk.customerapp.MainActivity"
81-->src\main\AndroidManifest.xml:21:15-43
82            android:configChanges="keyboard|keyboardHidden|orientation|screenSize|screenLayout|uiMode|locale|layoutDirection"
82-->src\main\AndroidManifest.xml:21:44-157
83            android:exported="true"
83-->src\main\AndroidManifest.xml:21:279-302
84            android:launchMode="singleTask"
84-->src\main\AndroidManifest.xml:21:158-189
85            android:screenOrientation="portrait"
85-->src\main\AndroidManifest.xml:21:303-339
86            android:theme="@style/Theme.App.SplashScreen"
86-->src\main\AndroidManifest.xml:21:233-278
87            android:windowSoftInputMode="adjustResize" >
87-->src\main\AndroidManifest.xml:21:190-232
88            <intent-filter>
88-->src\main\AndroidManifest.xml:22:7-25:23
89                <action android:name="android.intent.action.MAIN" />
89-->src\main\AndroidManifest.xml:23:9-60
89-->src\main\AndroidManifest.xml:23:17-58
90
91                <category android:name="android.intent.category.LAUNCHER" />
91-->src\main\AndroidManifest.xml:24:9-68
91-->src\main\AndroidManifest.xml:24:19-66
92            </intent-filter>
93            <intent-filter>
93-->src\main\AndroidManifest.xml:26:7-32:23
94                <action android:name="android.intent.action.VIEW" />
94-->src\main\AndroidManifest.xml:11:7-58
94-->src\main\AndroidManifest.xml:11:15-56
95
96                <category android:name="android.intent.category.DEFAULT" />
96-->src\main\AndroidManifest.xml:28:9-67
96-->src\main\AndroidManifest.xml:28:19-65
97                <category android:name="android.intent.category.BROWSABLE" />
97-->src\main\AndroidManifest.xml:12:7-67
97-->src\main\AndroidManifest.xml:12:17-65
98
99                <data android:scheme="myapp" />
99-->src\main\AndroidManifest.xml:13:7-37
99-->src\main\AndroidManifest.xml:13:13-35
100                <data android:scheme="com.hawk.customerapp" />
100-->src\main\AndroidManifest.xml:13:7-37
100-->src\main\AndroidManifest.xml:13:13-35
101            </intent-filter>
102        </activity>
103
104        <provider
104-->[:react-native-webview] AndroidManifest.xml:8:9-16:20
105            android:name="com.reactnativecommunity.webview.RNCWebViewFileProvider"
105-->[:react-native-webview] AndroidManifest.xml:9:13-83
106            android:authorities="com.hawk.customerapp.fileprovider"
106-->[:react-native-webview] AndroidManifest.xml:10:13-64
107            android:exported="false"
107-->[:react-native-webview] AndroidManifest.xml:11:13-37
108            android:grantUriPermissions="true" >
108-->[:react-native-webview] AndroidManifest.xml:12:13-47
109            <meta-data
109-->[:react-native-webview] AndroidManifest.xml:13:13-15:63
110                android:name="android.support.FILE_PROVIDER_PATHS"
110-->[:react-native-webview] AndroidManifest.xml:14:17-67
111                android:resource="@xml/file_provider_paths" />
111-->[:react-native-webview] AndroidManifest.xml:15:17-60
112        </provider>
113        <provider
113-->[:expo-file-system] AndroidManifest.xml:21:9-30:20
114            android:name="expo.modules.filesystem.FileSystemFileProvider"
114-->[:expo-file-system] AndroidManifest.xml:22:13-74
115            android:authorities="com.hawk.customerapp.FileSystemFileProvider"
115-->[:expo-file-system] AndroidManifest.xml:23:13-74
116            android:exported="false"
116-->[:expo-file-system] AndroidManifest.xml:24:13-37
117            android:grantUriPermissions="true" >
117-->[:expo-file-system] AndroidManifest.xml:25:13-47
118            <meta-data
118-->[:react-native-webview] AndroidManifest.xml:13:13-15:63
119                android:name="android.support.FILE_PROVIDER_PATHS"
119-->[:react-native-webview] AndroidManifest.xml:14:17-67
120                android:resource="@xml/file_system_provider_paths" />
120-->[:react-native-webview] AndroidManifest.xml:15:17-60
121        </provider>
122
123        <service
123-->[:expo-location] AndroidManifest.xml:11:9-14:56
124            android:name="expo.modules.location.services.LocationTaskService"
124-->[:expo-location] AndroidManifest.xml:12:13-78
125            android:exported="false"
125-->[:expo-location] AndroidManifest.xml:13:13-37
126            android:foregroundServiceType="location" />
126-->[:expo-location] AndroidManifest.xml:14:13-53
127
128        <meta-data
128-->[:expo-modules-core] AndroidManifest.xml:9:9-11:89
129            android:name="org.unimodules.core.AppLoader#react-native-headless"
129-->[:expo-modules-core] AndroidManifest.xml:10:13-79
130            android:value="expo.modules.adapters.react.apploader.RNHeadlessAppLoader" />
130-->[:expo-modules-core] AndroidManifest.xml:11:13-86
131        <meta-data
131-->[:expo-modules-core] AndroidManifest.xml:12:9-15:45
132            android:name="com.facebook.soloader.enabled"
132-->[:expo-modules-core] AndroidManifest.xml:13:13-57
133            android:value="true" />
133-->[:expo-modules-core] AndroidManifest.xml:14:13-33
134        <meta-data
134-->[com.google.maps.android:android-maps-utils:3.8.2] AndroidManifest.xml:8:9-10:69
135            android:name="com.google.android.gms.version"
135-->[com.google.maps.android:android-maps-utils:3.8.2] AndroidManifest.xml:9:13-58
136            android:value="@integer/google_play_services_version" /> <!-- Needs to be explicitly declared on P+ -->
136-->[com.google.maps.android:android-maps-utils:3.8.2] AndroidManifest.xml:10:13-66
137        <uses-library
137-->[com.google.android.gms:play-services-maps:18.2.0] AndroidManifest.xml:39:9-41:40
138            android:name="org.apache.http.legacy"
138-->[com.google.android.gms:play-services-maps:18.2.0] AndroidManifest.xml:40:13-50
139            android:required="false" />
139-->[com.google.android.gms:play-services-maps:18.2.0] AndroidManifest.xml:41:13-37
140
141        <activity
141-->[com.google.android.gms:play-services-base:18.2.0] AndroidManifest.xml:20:9-22:45
142            android:name="com.google.android.gms.common.api.GoogleApiActivity"
142-->[com.google.android.gms:play-services-base:18.2.0] AndroidManifest.xml:20:19-85
143            android:exported="false"
143-->[com.google.android.gms:play-services-base:18.2.0] AndroidManifest.xml:22:19-43
144            android:theme="@android:style/Theme.Translucent.NoTitleBar" />
144-->[com.google.android.gms:play-services-base:18.2.0] AndroidManifest.xml:21:19-78
145
146        <provider
146-->[androidx.work:work-runtime:2.7.1] AndroidManifest.xml:31:9-39:20
147            android:name="androidx.startup.InitializationProvider"
147-->[androidx.work:work-runtime:2.7.1] AndroidManifest.xml:32:13-67
148            android:authorities="com.hawk.customerapp.androidx-startup"
148-->[androidx.work:work-runtime:2.7.1] AndroidManifest.xml:33:13-68
149            android:exported="false" >
149-->[androidx.work:work-runtime:2.7.1] AndroidManifest.xml:34:13-37
150            <meta-data
150-->[androidx.work:work-runtime:2.7.1] AndroidManifest.xml:36:13-38:52
151                android:name="androidx.work.WorkManagerInitializer"
151-->[androidx.work:work-runtime:2.7.1] AndroidManifest.xml:37:17-68
152                android:value="androidx.startup" />
152-->[androidx.work:work-runtime:2.7.1] AndroidManifest.xml:38:17-49
153            <meta-data
153-->[androidx.emoji2:emoji2:1.3.0] AndroidManifest.xml:29:13-31:52
154                android:name="androidx.emoji2.text.EmojiCompatInitializer"
154-->[androidx.emoji2:emoji2:1.3.0] AndroidManifest.xml:30:17-75
155                android:value="androidx.startup" />
155-->[androidx.emoji2:emoji2:1.3.0] AndroidManifest.xml:31:17-49
156            <meta-data
156-->[androidx.lifecycle:lifecycle-process:2.8.3] AndroidManifest.xml:29:13-31:52
157                android:name="androidx.lifecycle.ProcessLifecycleInitializer"
157-->[androidx.lifecycle:lifecycle-process:2.8.3] AndroidManifest.xml:30:17-78
158                android:value="androidx.startup" />
158-->[androidx.lifecycle:lifecycle-process:2.8.3] AndroidManifest.xml:31:17-49
159            <meta-data
159-->[androidx.profileinstaller:profileinstaller:1.3.1] AndroidManifest.xml:29:13-31:52
160                android:name="androidx.profileinstaller.ProfileInstallerInitializer"
160-->[androidx.profileinstaller:profileinstaller:1.3.1] AndroidManifest.xml:30:17-85
161                android:value="androidx.startup" />
161-->[androidx.profileinstaller:profileinstaller:1.3.1] AndroidManifest.xml:31:17-49
162        </provider>
163
164        <service
164-->[androidx.work:work-runtime:2.7.1] AndroidManifest.xml:41:9-46:35
165            android:name="androidx.work.impl.background.systemalarm.SystemAlarmService"
165-->[androidx.work:work-runtime:2.7.1] AndroidManifest.xml:42:13-88
166            android:directBootAware="false"
166-->[androidx.work:work-runtime:2.7.1] AndroidManifest.xml:43:13-44
167            android:enabled="@bool/enable_system_alarm_service_default"
167-->[androidx.work:work-runtime:2.7.1] AndroidManifest.xml:44:13-72
168            android:exported="false" />
168-->[androidx.work:work-runtime:2.7.1] AndroidManifest.xml:45:13-37
169        <service
169-->[androidx.work:work-runtime:2.7.1] AndroidManifest.xml:47:9-53:35
170            android:name="androidx.work.impl.background.systemjob.SystemJobService"
170-->[androidx.work:work-runtime:2.7.1] AndroidManifest.xml:48:13-84
171            android:directBootAware="false"
171-->[androidx.work:work-runtime:2.7.1] AndroidManifest.xml:49:13-44
172            android:enabled="@bool/enable_system_job_service_default"
172-->[androidx.work:work-runtime:2.7.1] AndroidManifest.xml:50:13-70
173            android:exported="true"
173-->[androidx.work:work-runtime:2.7.1] AndroidManifest.xml:51:13-36
174            android:permission="android.permission.BIND_JOB_SERVICE" />
174-->[androidx.work:work-runtime:2.7.1] AndroidManifest.xml:52:13-69
175        <service
175-->[androidx.work:work-runtime:2.7.1] AndroidManifest.xml:54:9-59:35
176            android:name="androidx.work.impl.foreground.SystemForegroundService"
176-->[androidx.work:work-runtime:2.7.1] AndroidManifest.xml:55:13-81
177            android:directBootAware="false"
177-->[androidx.work:work-runtime:2.7.1] AndroidManifest.xml:56:13-44
178            android:enabled="@bool/enable_system_foreground_service_default"
178-->[androidx.work:work-runtime:2.7.1] AndroidManifest.xml:57:13-77
179            android:exported="false" />
179-->[androidx.work:work-runtime:2.7.1] AndroidManifest.xml:58:13-37
180
181        <receiver
181-->[androidx.work:work-runtime:2.7.1] AndroidManifest.xml:61:9-66:35
182            android:name="androidx.work.impl.utils.ForceStopRunnable$BroadcastReceiver"
182-->[androidx.work:work-runtime:2.7.1] AndroidManifest.xml:62:13-88
183            android:directBootAware="false"
183-->[androidx.work:work-runtime:2.7.1] AndroidManifest.xml:63:13-44
184            android:enabled="true"
184-->[androidx.work:work-runtime:2.7.1] AndroidManifest.xml:64:13-35
185            android:exported="false" />
185-->[androidx.work:work-runtime:2.7.1] AndroidManifest.xml:65:13-37
186        <receiver
186-->[androidx.work:work-runtime:2.7.1] AndroidManifest.xml:67:9-77:20
187            android:name="androidx.work.impl.background.systemalarm.ConstraintProxy$BatteryChargingProxy"
187-->[androidx.work:work-runtime:2.7.1] AndroidManifest.xml:68:13-106
188            android:directBootAware="false"
188-->[androidx.work:work-runtime:2.7.1] AndroidManifest.xml:69:13-44
189            android:enabled="false"
189-->[androidx.work:work-runtime:2.7.1] AndroidManifest.xml:70:13-36
190            android:exported="false" >
190-->[androidx.work:work-runtime:2.7.1] AndroidManifest.xml:71:13-37
191            <intent-filter>
191-->[androidx.work:work-runtime:2.7.1] AndroidManifest.xml:73:13-76:29
192                <action android:name="android.intent.action.ACTION_POWER_CONNECTED" />
192-->[androidx.work:work-runtime:2.7.1] AndroidManifest.xml:74:17-87
192-->[androidx.work:work-runtime:2.7.1] AndroidManifest.xml:74:25-84
193                <action android:name="android.intent.action.ACTION_POWER_DISCONNECTED" />
193-->[androidx.work:work-runtime:2.7.1] AndroidManifest.xml:75:17-90
193-->[androidx.work:work-runtime:2.7.1] AndroidManifest.xml:75:25-87
194            </intent-filter>
195        </receiver>
196        <receiver
196-->[androidx.work:work-runtime:2.7.1] AndroidManifest.xml:78:9-88:20
197            android:name="androidx.work.impl.background.systemalarm.ConstraintProxy$BatteryNotLowProxy"
197-->[androidx.work:work-runtime:2.7.1] AndroidManifest.xml:79:13-104
198            android:directBootAware="false"
198-->[androidx.work:work-runtime:2.7.1] AndroidManifest.xml:80:13-44
199            android:enabled="false"
199-->[androidx.work:work-runtime:2.7.1] AndroidManifest.xml:81:13-36
200            android:exported="false" >
200-->[androidx.work:work-runtime:2.7.1] AndroidManifest.xml:82:13-37
201            <intent-filter>
201-->[androidx.work:work-runtime:2.7.1] AndroidManifest.xml:84:13-87:29
202                <action android:name="android.intent.action.BATTERY_OKAY" />
202-->[androidx.work:work-runtime:2.7.1] AndroidManifest.xml:85:17-77
202-->[androidx.work:work-runtime:2.7.1] AndroidManifest.xml:85:25-74
203                <action android:name="android.intent.action.BATTERY_LOW" />
203-->[androidx.work:work-runtime:2.7.1] AndroidManifest.xml:86:17-76
203-->[androidx.work:work-runtime:2.7.1] AndroidManifest.xml:86:25-73
204            </intent-filter>
205        </receiver>
206        <receiver
206-->[androidx.work:work-runtime:2.7.1] AndroidManifest.xml:89:9-99:20
207            android:name="androidx.work.impl.background.systemalarm.ConstraintProxy$StorageNotLowProxy"
207-->[androidx.work:work-runtime:2.7.1] AndroidManifest.xml:90:13-104
208            android:directBootAware="false"
208-->[androidx.work:work-runtime:2.7.1] AndroidManifest.xml:91:13-44
209            android:enabled="false"
209-->[androidx.work:work-runtime:2.7.1] AndroidManifest.xml:92:13-36
210            android:exported="false" >
210-->[androidx.work:work-runtime:2.7.1] AndroidManifest.xml:93:13-37
211            <intent-filter>
211-->[androidx.work:work-runtime:2.7.1] AndroidManifest.xml:95:13-98:29
212                <action android:name="android.intent.action.DEVICE_STORAGE_LOW" />
212-->[androidx.work:work-runtime:2.7.1] AndroidManifest.xml:96:17-83
212-->[androidx.work:work-runtime:2.7.1] AndroidManifest.xml:96:25-80
213                <action android:name="android.intent.action.DEVICE_STORAGE_OK" />
213-->[androidx.work:work-runtime:2.7.1] AndroidManifest.xml:97:17-82
213-->[androidx.work:work-runtime:2.7.1] AndroidManifest.xml:97:25-79
214            </intent-filter>
215        </receiver>
216        <receiver
216-->[androidx.work:work-runtime:2.7.1] AndroidManifest.xml:100:9-109:20
217            android:name="androidx.work.impl.background.systemalarm.ConstraintProxy$NetworkStateProxy"
217-->[androidx.work:work-runtime:2.7.1] AndroidManifest.xml:101:13-103
218            android:directBootAware="false"
218-->[androidx.work:work-runtime:2.7.1] AndroidManifest.xml:102:13-44
219            android:enabled="false"
219-->[androidx.work:work-runtime:2.7.1] AndroidManifest.xml:103:13-36
220            android:exported="false" >
220-->[androidx.work:work-runtime:2.7.1] AndroidManifest.xml:104:13-37
221            <intent-filter>
221-->[androidx.work:work-runtime:2.7.1] AndroidManifest.xml:106:13-108:29
222                <action android:name="android.net.conn.CONNECTIVITY_CHANGE" />
222-->[androidx.work:work-runtime:2.7.1] AndroidManifest.xml:107:17-79
222-->[androidx.work:work-runtime:2.7.1] AndroidManifest.xml:107:25-76
223            </intent-filter>
224        </receiver>
225        <receiver
225-->[androidx.work:work-runtime:2.7.1] AndroidManifest.xml:110:9-121:20
226            android:name="androidx.work.impl.background.systemalarm.RescheduleReceiver"
226-->[androidx.work:work-runtime:2.7.1] AndroidManifest.xml:111:13-88
227            android:directBootAware="false"
227-->[androidx.work:work-runtime:2.7.1] AndroidManifest.xml:112:13-44
228            android:enabled="false"
228-->[androidx.work:work-runtime:2.7.1] AndroidManifest.xml:113:13-36
229            android:exported="false" >
229-->[androidx.work:work-runtime:2.7.1] AndroidManifest.xml:114:13-37
230            <intent-filter>
230-->[androidx.work:work-runtime:2.7.1] AndroidManifest.xml:116:13-120:29
231                <action android:name="android.intent.action.BOOT_COMPLETED" />
231-->[androidx.work:work-runtime:2.7.1] AndroidManifest.xml:117:17-79
231-->[androidx.work:work-runtime:2.7.1] AndroidManifest.xml:117:25-76
232                <action android:name="android.intent.action.TIME_SET" />
232-->[androidx.work:work-runtime:2.7.1] AndroidManifest.xml:118:17-73
232-->[androidx.work:work-runtime:2.7.1] AndroidManifest.xml:118:25-70
233                <action android:name="android.intent.action.TIMEZONE_CHANGED" />
233-->[androidx.work:work-runtime:2.7.1] AndroidManifest.xml:119:17-81
233-->[androidx.work:work-runtime:2.7.1] AndroidManifest.xml:119:25-78
234            </intent-filter>
235        </receiver>
236        <receiver
236-->[androidx.work:work-runtime:2.7.1] AndroidManifest.xml:122:9-131:20
237            android:name="androidx.work.impl.background.systemalarm.ConstraintProxyUpdateReceiver"
237-->[androidx.work:work-runtime:2.7.1] AndroidManifest.xml:123:13-99
238            android:directBootAware="false"
238-->[androidx.work:work-runtime:2.7.1] AndroidManifest.xml:124:13-44
239            android:enabled="@bool/enable_system_alarm_service_default"
239-->[androidx.work:work-runtime:2.7.1] AndroidManifest.xml:125:13-72
240            android:exported="false" >
240-->[androidx.work:work-runtime:2.7.1] AndroidManifest.xml:126:13-37
241            <intent-filter>
241-->[androidx.work:work-runtime:2.7.1] AndroidManifest.xml:128:13-130:29
242                <action android:name="androidx.work.impl.background.systemalarm.UpdateProxies" />
242-->[androidx.work:work-runtime:2.7.1] AndroidManifest.xml:129:17-98
242-->[androidx.work:work-runtime:2.7.1] AndroidManifest.xml:129:25-95
243            </intent-filter>
244        </receiver>
245        <receiver
245-->[androidx.work:work-runtime:2.7.1] AndroidManifest.xml:132:9-142:20
246            android:name="androidx.work.impl.diagnostics.DiagnosticsReceiver"
246-->[androidx.work:work-runtime:2.7.1] AndroidManifest.xml:133:13-78
247            android:directBootAware="false"
247-->[androidx.work:work-runtime:2.7.1] AndroidManifest.xml:134:13-44
248            android:enabled="true"
248-->[androidx.work:work-runtime:2.7.1] AndroidManifest.xml:135:13-35
249            android:exported="true"
249-->[androidx.work:work-runtime:2.7.1] AndroidManifest.xml:136:13-36
250            android:permission="android.permission.DUMP" >
250-->[androidx.work:work-runtime:2.7.1] AndroidManifest.xml:137:13-57
251            <intent-filter>
251-->[androidx.work:work-runtime:2.7.1] AndroidManifest.xml:139:13-141:29
252                <action android:name="androidx.work.diagnostics.REQUEST_DIAGNOSTICS" />
252-->[androidx.work:work-runtime:2.7.1] AndroidManifest.xml:140:17-88
252-->[androidx.work:work-runtime:2.7.1] AndroidManifest.xml:140:25-85
253            </intent-filter>
254        </receiver>
255        <receiver
255-->[androidx.profileinstaller:profileinstaller:1.3.1] AndroidManifest.xml:34:9-52:20
256            android:name="androidx.profileinstaller.ProfileInstallReceiver"
256-->[androidx.profileinstaller:profileinstaller:1.3.1] AndroidManifest.xml:35:13-76
257            android:directBootAware="false"
257-->[androidx.profileinstaller:profileinstaller:1.3.1] AndroidManifest.xml:36:13-44
258            android:enabled="true"
258-->[androidx.profileinstaller:profileinstaller:1.3.1] AndroidManifest.xml:37:13-35
259            android:exported="true"
259-->[androidx.profileinstaller:profileinstaller:1.3.1] AndroidManifest.xml:38:13-36
260            android:permission="android.permission.DUMP" >
260-->[androidx.profileinstaller:profileinstaller:1.3.1] AndroidManifest.xml:39:13-57
261            <intent-filter>
261-->[androidx.profileinstaller:profileinstaller:1.3.1] AndroidManifest.xml:40:13-42:29
262                <action android:name="androidx.profileinstaller.action.INSTALL_PROFILE" />
262-->[androidx.profileinstaller:profileinstaller:1.3.1] AndroidManifest.xml:41:17-91
262-->[androidx.profileinstaller:profileinstaller:1.3.1] AndroidManifest.xml:41:25-88
263            </intent-filter>
264            <intent-filter>
264-->[androidx.profileinstaller:profileinstaller:1.3.1] AndroidManifest.xml:43:13-45:29
265                <action android:name="androidx.profileinstaller.action.SKIP_FILE" />
265-->[androidx.profileinstaller:profileinstaller:1.3.1] AndroidManifest.xml:44:17-85
265-->[androidx.profileinstaller:profileinstaller:1.3.1] AndroidManifest.xml:44:25-82
266            </intent-filter>
267            <intent-filter>
267-->[androidx.profileinstaller:profileinstaller:1.3.1] AndroidManifest.xml:46:13-48:29
268                <action android:name="androidx.profileinstaller.action.SAVE_PROFILE" />
268-->[androidx.profileinstaller:profileinstaller:1.3.1] AndroidManifest.xml:47:17-88
268-->[androidx.profileinstaller:profileinstaller:1.3.1] AndroidManifest.xml:47:25-85
269            </intent-filter>
270            <intent-filter>
270-->[androidx.profileinstaller:profileinstaller:1.3.1] AndroidManifest.xml:49:13-51:29
271                <action android:name="androidx.profileinstaller.action.BENCHMARK_OPERATION" />
271-->[androidx.profileinstaller:profileinstaller:1.3.1] AndroidManifest.xml:50:17-95
271-->[androidx.profileinstaller:profileinstaller:1.3.1] AndroidManifest.xml:50:25-92
272            </intent-filter>
273        </receiver>
274
275        <service
275-->[androidx.room:room-runtime:2.2.5] AndroidManifest.xml:25:9-28:40
276            android:name="androidx.room.MultiInstanceInvalidationService"
276-->[androidx.room:room-runtime:2.2.5] AndroidManifest.xml:26:13-74
277            android:directBootAware="true"
277-->[androidx.room:room-runtime:2.2.5] AndroidManifest.xml:27:13-43
278            android:exported="false" />
278-->[androidx.room:room-runtime:2.2.5] AndroidManifest.xml:28:13-37
279        <service
279-->[:expo-location$io.nlopez.smartlocation-jetified-aar] AndroidManifest.xml:19:9-21:40